<?xml version="1.0" encoding="UTF-8"?>
<!-- Generated by org.testng.reporters.JUnitReportReporter -->
<testsuite hostname="DESKTOP-RBDDJUE" failures="0" tests="1" name="tests.LoginTest" time="3.393" errors="0" timestamp="2025-09-29T19:36:07 BRT" skipped="0">
  <testcase classname="tests.LoginTest" name="testValidLogin" time="3.393"/>
</testsuite> <!-- tests.LoginTest -->
